# JRE version: Java(TM) SE Runtime Environment (8.0_60-b27) (build 1.8.0_60-b27)
# Java VM: Java HotSpot(TM) 64-Bit Server VM (25.60-b23 mixed mode windows-amd64 compressed oops)
Heap:
 PSYoungGen      total 85504K, used 82381K [0x00000000eab00000, 0x00000000f0d80000, 0x0000000100000000)
  eden space 72704K, 100% used [0x00000000eab00000,0x00000000ef200000,0x00000000ef200000)
  from space 12800K, 75% used [0x00000000ef200000,0x00000000efb735d8,0x00000000efe80000)
  to   space 12800K, 42% used [0x00000000efe80000,0x00000000f03d5030,0x00000000f0b00000)
 ParOldGen       total 86528K, used 8626K [0x00000000c0000000, 0x00000000c5480000, 0x00000000eab00000)
  object space 86528K, 9% used [0x00000000c0000000,0x00000000c086c9a0,0x00000000c5480000)
 Metaspace       used 33641K, capacity 34448K, committed 34688K, reserved 1079296K
  class space    used 4462K, capacity 4636K, committed 4736K, reserved 1048576K
GC Heap History (10 events):
Event: 3.281 GC heap after
Heap after GC invocations=6 (full 1):
 PSYoungGen      total 57344K, used 2272K [0x00000000eab00000, 0x00000000f0b00000, 0x0000000100000000)
  eden space 49152K, 0% used [0x00000000eab00000,0x00000000eab00000,0x00000000edb00000)
  from space 8192K, 27% used [0x00000000edb00000,0x00000000edd38040,0x00000000ee300000)
  to   space 12800K, 0% used [0x00000000efe80000,0x00000000efe80000,0x00000000f0b00000)
 ParOldGen       total 86528K, used 8538K [0x00000000c0000000, 0x00000000c5480000, 0x00000000eab00000)
  object space 86528K, 9% used [0x00000000c0000000,0x00000000c0856990,0x00000000c5480000)
 Metaspace       used 22385K, capacity 22876K, committed 23040K, reserved 1069056K
  class space    used 2874K, capacity 3028K, committed 3072K, reserved 1048576K
}
Event: 3.475 GC heap before
{Heap before GC invocations=7 (full 1):
 PSYoungGen      total 57344K, used 51424K [0x00000000eab00000, 0x00000000f0b00000, 0x0000000100000000)
  eden space 49152K, 100% used [0x00000000eab00000,0x00000000edb00000,0x00000000edb00000)
  from space 8192K, 27% used [0x00000000edb00000,0x00000000edd38040,0x00000000ee300000)
  to   space 12800K, 0% used [0x00000000efe80000,0x00000000efe80000,0x00000000f0b00000)
 ParOldGen       total 86528K, used 8538K [0x00000000c0000000, 0x00000000c5480000, 0x00000000eab00000)
  object space 86528K, 9% used [0x00000000c0000000,0x00000000c0856990,0x00000000c5480000)
 Metaspace       used 22386K, capacity 22876K, committed 23040K, reserved 1069056K
  class space    used 2874K, capacity 3028K, committed 3072K, reserved 1048576K
Event: 3.482 GC heap after
Heap after GC invocations=7 (full 1):
 PSYoungGen      total 85504K, used 2720K [0x00000000eab00000, 0x00000000f0d80000, 0x0000000100000000)
  eden space 72704K, 0% used [0x00000000eab00000,0x00000000eab00000,0x00000000ef200000)
  from space 12800K, 21% used [0x00000000efe80000,0x00000000f0128040,0x00000000f0b00000)
  to   space 12800K, 0% used [0x00000000ef200000,0x00000000ef200000,0x00000000efe80000)
 ParOldGen       total 86528K, used 8538K [0x00000000c0000000, 0x00000000c5480000, 0x00000000eab00000)
  object space 86528K, 9% used [0x00000000c0000000,0x00000000c0856990,0x00000000c5480000)
 Metaspace       used 22386K, capacity 22876K, committed 23040K, reserved 1069056K
  class space    used 2874K, capacity 3028K, committed 3072K, reserved 1048576K
}
Event: 4.012 GC heap before
{Heap before GC invocations=8 (full 1):
 PSYoungGen      total 85504K, used 75424K [0x00000000eab00000, 0x00000000f0d80000, 0x0000000100000000)
  eden space 72704K, 100% used [0x00000000eab00000,0x00000000ef200000,0x00000000ef200000)
  from space 12800K, 21% used [0x00000000efe80000,0x00000000f0128040,0x00000000f0b00000)
  to   space 12800K, 0% used [0x00000000ef200000,0x00000000ef200000,0x00000000efe80000)
 ParOldGen       total 86528K, used 8538K [0x00000000c0000000, 0x00000000c5480000, 0x00000000eab00000)
  object space 86528K, 9% used [0x00000000c0000000,0x00000000c0856990,0x00000000c5480000)
 Metaspace       used 22949K, capacity 23394K, committed 23680K, reserved 1069056K
  class space    used 2950K, capacity 3087K, committed 3200K, reserved 1048576K
Event: 4.028 GC heap after
Heap after GC invocations=8 (full 1):
 PSYoungGen      total 85504K, used 3348K [0x00000000eab00000, 0x00000000f0d80000, 0x0000000100000000)
  eden space 72704K, 0% used [0x00000000eab00000,0x00000000eab00000,0x00000000ef200000)
  from space 12800K, 26% used [0x00000000ef200000,0x00000000ef545140,0x00000000efe80000)
  to   space 12800K, 0% used [0x00000000efe80000,0x00000000efe80000,0x00000000f0b00000)
 ParOldGen       total 86528K, used 8538K [0x00000000c0000000, 0x00000000c5480000, 0x00000000eab00000)
  object space 86528K, 9% used [0x00000000c0000000,0x00000000c0856990,0x00000000c5480000)
 Metaspace       used 22949K, capacity 23394K, committed 23680K, reserved 1069056K
  class space    used 2950K, capacity 3087K, committed 3200K, reserved 1048576K
}
Event: 4.936 GC heap before
{Heap before GC invocations=9 (full 1):
 PSYoungGen      total 85504K, used 76052K [0x00000000eab00000, 0x00000000f0d80000, 0x0000000100000000)
  eden space 72704K, 100% used [0x00000000eab00000,0x00000000ef200000,0x00000000ef200000)
  from space 12800K, 26% used [0x00000000ef200000,0x00000000ef545140,0x00000000efe80000)
  to   space 12800K, 0% used [0x00000000efe80000,0x00000000efe80000,0x00000000f0b00000)
 ParOldGen       total 86528K, used 8538K [0x00000000c0000000, 0x00000000c5480000, 0x00000000eab00000)
  object space 86528K, 9% used [0x00000000c0000000,0x00000000c0856990,0x00000000c5480000)
 Metaspace       used 26598K, capacity 27254K, committed 27392K, reserved 1073152K
  class space    used 3570K, capacity 3730K, committed 3840K, reserved 1048576K
Event: 4.944 GC heap after
Heap after GC invocations=9 (full 1):
 PSYoungGen      total 85504K, used 9231K [0x00000000eab00000, 0x00000000f0d80000, 0x0000000100000000)
  eden space 72704K, 0% used [0x00000000eab00000,0x00000000eab00000,0x00000000ef200000)
  from space 12800K, 72% used [0x00000000efe80000,0x00000000f0783c18,0x00000000f0b00000)
  to   space 12800K, 0% used [0x00000000ef200000,0x00000000ef200000,0x00000000efe80000)
 ParOldGen       total 86528K, used 8546K [0x00000000c0000000, 0x00000000c5480000, 0x00000000eab00000)
  object space 86528K, 9% used [0x00000000c0000000,0x00000000c0858990,0x00000000c5480000)
 Metaspace       used 26598K, capacity 27254K, committed 27392K, reserved 1073152K
  class space    used 3570K, capacity 3730K, committed 3840K, reserved 1048576K
}
Event: 6.893 GC heap before
{Heap before GC invocations=10 (full 1):
 PSYoungGen      total 85504K, used 81935K [0x00000000eab00000, 0x00000000f0d80000, 0x0000000100000000)
  eden space 72704K, 100% used [0x00000000eab00000,0x00000000ef200000,0x00000000ef200000)
  from space 12800K, 72% used [0x00000000efe80000,0x00000000f0783c18,0x00000000f0b00000)
  to   space 12800K, 0% used [0x00000000ef200000,0x00000000ef200000,0x00000000efe80000)
 ParOldGen       total 86528K, used 8546K [0x00000000c0000000, 0x00000000c5480000, 0x00000000eab00000)
  object space 86528K, 9% used [0x00000000c0000000,0x00000000c0858990,0x00000000c5480000)
 Metaspace       used 30578K, capacity 31214K, committed 31360K, reserved 1077248K
  class space    used 4055K, capacity 4214K, committed 4224K, reserved 1048576K
Event: 6.900 GC heap after
Heap after GC invocations=10 (full 1):
 PSYoungGen      total 85504K, used 9677K [0x00000000eab00000, 0x00000000f0d80000, 0x0000000100000000)
  eden space 72704K, 0% used [0x00000000eab00000,0x00000000eab00000,0x00000000ef200000)
  from space 12800K, 75% used [0x00000000ef200000,0x00000000efb735d8,0x00000000efe80000)
  to   space 12800K, 0% used [0x00000000efe80000,0x00000000efe80000,0x00000000f0b00000)
 ParOldGen       total 86528K, used 8626K [0x00000000c0000000, 0x00000000c5480000, 0x00000000eab00000)
  object space 86528K, 9% used [0x00000000c0000000,0x00000000c086c9a0,0x00000000c5480000)
 Metaspace       used 30578K, capacity 31214K, committed 31360K, reserved 1077248K
  class space    used 4055K, capacity 4214K, committed 4224K, reserved 1048576K
}
Event: 7.717 GC heap before
{Heap before GC invocations=11 (full 1):
 PSYoungGen      total 85504K, used 82381K [0x00000000eab00000, 0x00000000f0d80000, 0x0000000100000000)
  eden space 72704K, 100% used [0x00000000eab00000,0x00000000ef200000,0x00000000ef200000)
  from space 12800K, 75% used [0x00000000ef200000,0x00000000efb735d8,0x00000000efe80000)
  to   space 12800K, 0% used [0x00000000efe80000,0x00000000efe80000,0x00000000f0b00000)
 ParOldGen       total 86528K, used 8626K [0x00000000c0000000, 0x00000000c5480000, 0x00000000eab00000)
  object space 86528K, 9% used [0x00000000c0000000,0x00000000c086c9a0,0x00000000c5480000)
 Metaspace       used 33641K, capacity 34448K, committed 34688K, reserved 1079296K
  class space    used 4462K, capacity 4636K, committed 4736K, reserved 1048576K

